{"/Users/chriskelsey/Sites/ck/built/equipt-testing/webdriver.config.js": {"path":"/Users/chriskelsey/Sites/ck/built/equipt-testing/webdriver.config.js","statementMap":{"0":{"start":{"line":2,"column":16},"end":{"line":27,"column":1}},"1":{"start":{"line":4,"column":8},"end":{"line":24,"column":11}},"2":{"start":{"line":25,"column":8},"end":{"line":25,"column":39}},"3":{"start":{"line":28,"column":0},"end":{"line":59,"column":2}}},"fnMap":{"0":{"name":"(anonymous_0)","decl":{"start":{"line":3,"column":19},"end":{"line":3,"column":20}},"loc":{"start":{"line":3,"column":30},"end":{"line":26,"column":5}},"line":3}},"branchMap":{},"s":{"0":5,"1":4,"2":4,"3":5},"f":{"0":4},"b":{},"_coverageSchema":"43e27e138ebf9cfc5966b082cf9a028302ed4184","hash":"5e4bc2008cff9f99308b03c7c74a980ad7914f6b"}
,"/Users/chriskelsey/Sites/ck/built/src/utils/index.js": {"path":"/Users/chriskelsey/Sites/ck/built/src/utils/index.js","statementMap":{"0":{"start":{"line":6,"column":0},"end":{"line":6,"column":null}},"1":{"start":{"line":25,"column":0},"end":{"line":25,"column":null}},"2":{"start":{"line":44,"column":0},"end":{"line":44,"column":null}},"3":{"start":{"line":50,"column":0},"end":{"line":50,"column":null}},"4":{"start":{"line":57,"column":0},"end":{"line":57,"column":null}}},"fnMap":{},"branchMap":{},"s":{"0":4,"1":4,"2":4,"3":4,"4":4},"f":{},"b":{}}
,"/Users/chriskelsey/Sites/ck/built/src/utils/between/index.js": {"path":"/Users/chriskelsey/Sites/ck/built/src/utils/between/index.js","statementMap":{"0":{"start":{"line":2,"column":18},"end":{"line":2,"column":22}},"1":{"start":{"line":4,"column":19},"end":{"line":13,"column":null}},"2":{"start":{"line":6,"column":24},"end":{"line":6,"column":null}},"3":{"start":{"line":8,"column":8},"end":{"line":10,"column":null}},"4":{"start":{"line":9,"column":12},"end":{"line":9,"column":19}},"5":{"start":{"line":12,"column":8},"end":{"line":12,"column":15}},"6":{"start":{"line":15,"column":4},"end":{"line":15,"column":11}},"7":{"start":{"line":17,"column":12},"end":{"line":17,"column":19}},"8":{"start":{"line":20,"column":12},"end":{"line":20,"column":19}},"9":{"start":{"line":23,"column":28},"end":{"line":23,"column":null}},"10":{"start":{"line":24,"column":12},"end":{"line":24,"column":19}},"11":{"start":{"line":27,"column":28},"end":{"line":27,"column":null}},"12":{"start":{"line":28,"column":12},"end":{"line":28,"column":19}},"13":{"start":{"line":31,"column":12},"end":{"line":31,"column":19}}},"fnMap":{"0":{"name":"Between","decl":{"start":{"line":1,"column":16},"end":{"line":1,"column":24}},"loc":{"start":{"line":1,"column":43},"end":{"line":34,"column":null}}},"1":{"name":"getAll","decl":{"start":{"line":4,"column":10},"end":{"line":4,"column":16}},"loc":{"start":{"line":4,"column":25},"end":{"line":13,"column":null}}},"2":{"name":"all","decl":{"start":{"line":15,"column":11},"end":{"line":15,"column":null}},"loc":{"start":{"line":16,"column":14},"end":{"line":18,"column":null}}}},"branchMap":{},"s":{"0":100005,"1":100005,"2":40003,"3":40003,"4":100007,"5":40003,"6":100005,"7":20001,"8":40001,"9":1,"10":1,"11":20001,"12":20001,"13":20001},"f":{"0":100005,"1":40003,"2":100005},"b":{}}
,"/Users/chriskelsey/Sites/ck/built/src/utils/get/index.js": {"path":"/Users/chriskelsey/Sites/ck/built/src/utils/get/index.js","statementMap":{"0":{"start":{"line":1,"column":60},"end":{"line":1,"column":57}},"1":{"start":{"line":1,"column":53},"end":{"line":1,"column":57}},"2":{"start":{"line":3,"column":4},"end":{"line":3,"column":null}},"3":{"start":{"line":3,"column":16},"end":{"line":3,"column":23}},"4":{"start":{"line":6,"column":15},"end":{"line":6,"column":16}},"5":{"start":{"line":9,"column":4},"end":{"line":11,"column":null}},"6":{"start":{"line":10,"column":8},"end":{"line":10,"column":12}},"7":{"start":{"line":13,"column":19},"end":{"line":13,"column":23}},"8":{"start":{"line":16,"column":8},"end":{"line":18,"column":null}},"9":{"start":{"line":17,"column":12},"end":{"line":17,"column":19}},"10":{"start":{"line":21,"column":8},"end":{"line":33,"column":null}},"11":{"start":{"line":22,"column":24},"end":{"line":22,"column":37}},"12":{"start":{"line":23,"column":31},"end":{"line":23,"column":35}},"13":{"start":{"line":24,"column":25},"end":{"line":24,"column":35}},"14":{"start":{"line":24,"column":54},"end":{"line":24,"column":null}},"15":{"start":{"line":28,"column":33},"end":{"line":28,"column":45}},"16":{"start":{"line":30,"column":12},"end":{"line":32,"column":null}},"17":{"start":{"line":31,"column":16},"end":{"line":31,"column":23}},"18":{"start":{"line":35,"column":8},"end":{"line":35,"column":15}},"19":{"start":{"line":40,"column":4},"end":{"line":40,"column":null}},"20":{"start":{"line":40,"column":51},"end":{"line":40,"column":58}},"21":{"start":{"line":42,"column":4},"end":{"line":42,"column":11}}},"fnMap":{"0":{"name":"Get","decl":{"start":{"line":1,"column":16},"end":{"line":1,"column":20}},"loc":{"start":{"line":1,"column":60},"end":{"line":43,"column":null}}},"1":{"name":"(anonymous_1)","decl":{"start":{"line":1,"column":52},"end":{"line":1,"column":53}},"loc":{"start":{"line":1,"column":53},"end":{"line":1,"column":57}}},"2":{"name":"(anonymous_2)","decl":{"start":{"line":13,"column":31},"end":{"line":13,"column":32}},"loc":{"start":{"line":13,"column":62},"end":{"line":37,"column":null}}},"3":{"name":"(anonymous_3)","decl":{"start":{"line":24,"column":51},"end":{"line":24,"column":54}},"loc":{"start":{"line":24,"column":54},"end":{"line":24,"column":null}}}},"branchMap":{"0":{"loc":{"start":{"line":1,"column":60},"end":{"line":1,"column":null}},"type":"cond-expr","locations":[{"start":{"line":1,"column":60},"end":{"line":1,"column":null}},{"start":{"line":1,"column":52},"end":{"line":1,"column":57}}]},"1":{"loc":{"start":{"line":1,"column":60},"end":{"line":1,"column":null}},"type":"binary-expr","locations":[{"start":{"line":1,"column":60},"end":{"line":1,"column":null}},{"start":{"line":1,"column":60},"end":{"line":1,"column":null}}]},"2":{"loc":{"start":{"line":3,"column":4},"end":{"line":3,"column":null}},"type":"if","locations":[{"start":{"line":3,"column":4},"end":{"line":3,"column":null}},{"start":{"line":3,"column":4},"end":{"line":3,"column":null}}]},"3":{"loc":{"start":{"line":9,"column":4},"end":{"line":11,"column":null}},"type":"if","locations":[{"start":{"line":9,"column":4},"end":{"line":11,"column":null}},{"start":{"line":9,"column":4},"end":{"line":11,"column":null}}]},"4":{"loc":{"start":{"line":9,"column":8},"end":{"line":9,"column":12}},"type":"binary-expr","locations":[{"start":{"line":9,"column":8},"end":{"line":9,"column":12}},{"start":{"line":9,"column":16},"end":{"line":9,"column":39}}]},"5":{"loc":{"start":{"line":16,"column":8},"end":{"line":18,"column":null}},"type":"if","locations":[{"start":{"line":16,"column":8},"end":{"line":18,"column":null}},{"start":{"line":16,"column":8},"end":{"line":18,"column":null}}]},"6":{"loc":{"start":{"line":16,"column":12},"end":{"line":16,"column":41}},"type":"binary-expr","locations":[{"start":{"line":16,"column":12},"end":{"line":16,"column":41}},{"start":{"line":16,"column":41},"end":{"line":16,"column":63}}]},"7":{"loc":{"start":{"line":21,"column":8},"end":{"line":33,"column":null}},"type":"if","locations":[{"start":{"line":21,"column":8},"end":{"line":33,"column":null}},{"start":{"line":21,"column":8},"end":{"line":33,"column":null}}]},"8":{"loc":{"start":{"line":21,"column":12},"end":{"line":21,"column":48}},"type":"binary-expr","locations":[{"start":{"line":21,"column":12},"end":{"line":21,"column":48}},{"start":{"line":21,"column":48},"end":{"line":21,"column":80}}]},"9":{"loc":{"start":{"line":25,"column":30},"end":{"line":25,"column":41}},"type":"cond-expr","locations":[{"start":{"line":25,"column":30},"end":{"line":25,"column":41}},{"start":{"line":25,"column":48},"end":{"line":25,"column":51}}]},"10":{"loc":{"start":{"line":30,"column":12},"end":{"line":32,"column":null}},"type":"if","locations":[{"start":{"line":30,"column":12},"end":{"line":32,"column":null}},{"start":{"line":30,"column":12},"end":{"line":32,"column":null}}]},"11":{"loc":{"start":{"line":40,"column":4},"end":{"line":40,"column":null}},"type":"if","locations":[{"start":{"line":40,"column":4},"end":{"line":40,"column":null}},{"start":{"line":40,"column":4},"end":{"line":40,"column":null}}]},"12":{"loc":{"start":{"line":40,"column":8},"end":{"line":40,"column":32}},"type":"binary-expr","locations":[{"start":{"line":40,"column":8},"end":{"line":40,"column":32}},{"start":{"line":40,"column":32},"end":{"line":40,"column":49}}]}},"s":{"0":100008,"1":60006,"2":100008,"3":1,"4":100007,"5":100007,"6":100006,"7":100007,"8":680041,"9":60001,"10":620040,"11":20002,"12":20002,"13":20002,"14":20002,"15":20002,"16":20002,"17":20002,"18":600038,"19":100007,"20":40000,"21":60007},"f":{"0":100008,"1":60006,"2":680041,"3":20002},"b":{"0":[20001,80007],"1":[100008,20002],"2":[1,100007],"3":[100006,1],"4":[100007,100006],"5":[60001,620040],"6":[680041,620040],"7":[20002,600038],"8":[620040,620040],"9":[1,20001],"10":[20002,0],"11":[40000,60007],"12":[100007,60007]}}
,"/Users/chriskelsey/Sites/ck/built/src/utils/is-non-collection/index.js": {"path":"/Users/chriskelsey/Sites/ck/built/src/utils/is-non-collection/index.js","statementMap":{"0":{"start":{"line":17,"column":23},"end":{"line":17,"column":null}},"1":{"start":{"line":19,"column":41},"end":{"line":19,"column":48}}},"fnMap":{"0":{"name":"IsNonCollection","decl":{"start":{"line":19,"column":16},"end":{"line":19,"column":32}},"loc":{"start":{"line":19,"column":39},"end":{"line":19,"column":null}}}},"branchMap":{"0":{"loc":{"start":{"line":19,"column":48},"end":{"line":19,"column":93}},"type":"binary-expr","locations":[{"start":{"line":19,"column":48},"end":{"line":19,"column":93}},{"start":{"line":19,"column":93},"end":{"line":19,"column":111}},{"start":{"line":19,"column":111},"end":{"line":19,"column":134}}]}},"s":{"0":4,"1":160008},"f":{"0":160008},"b":{"0":[160008,80004,60003]}}
,"/Users/chriskelsey/Sites/ck/built/src/utils/memoize/index.js": {"path":"/Users/chriskelsey/Sites/ck/built/src/utils/memoize/index.js","statementMap":{"0":{"start":{"line":1,"column":14},"end":{"line":1,"column":18}},"1":{"start":{"line":5,"column":4},"end":{"line":5,"column":11}},"2":{"start":{"line":5,"column":24},"end":{"line":5,"column":null}},"3":{"start":{"line":5,"column":15},"end":{"line":5,"column":null}},"4":{"start":{"line":6,"column":20},"end":{"line":6,"column":22}},"5":{"start":{"line":7,"column":23},"end":{"line":7,"column":28}},"6":{"start":{"line":9,"column":8},"end":{"line":9,"column":15}},"7":{"start":{"line":11,"column":8},"end":{"line":13,"column":null}},"8":{"start":{"line":12,"column":12},"end":{"line":12,"column":19}},"9":{"start":{"line":15,"column":23},"end":{"line":15,"column":25}},"10":{"start":{"line":16,"column":8},"end":{"line":16,"column":13}},"11":{"start":{"line":17,"column":8},"end":{"line":17,"column":15}}},"fnMap":{"0":{"name":"Memoize","decl":{"start":{"line":3,"column":16},"end":{"line":3,"column":24}},"loc":{"start":{"line":3,"column":28},"end":{"line":37,"column":null}}},"1":{"name":"(anonymous_1)","decl":{"start":{"line":5,"column":11},"end":{"line":5,"column":15}},"loc":{"start":{"line":5,"column":24},"end":{"line":36,"column":null}}}},"branchMap":{"0":{"loc":{"start":{"line":11,"column":8},"end":{"line":13,"column":null}},"type":"if","locations":[{"start":{"line":11,"column":8},"end":{"line":13,"column":null}},{"start":{"line":11,"column":8},"end":{"line":13,"column":null}}]}},"s":{"0":4,"1":0,"2":0,"3":0,"4":0,"5":0,"6":0,"7":0,"8":0,"9":0,"10":0,"11":0},"f":{"0":0,"1":0},"b":{"0":[0,0]}}
,"/Users/chriskelsey/Sites/ck/built/src/utils/pipe/index.js": {"path":"/Users/chriskelsey/Sites/ck/built/src/utils/pipe/index.js","statementMap":{"0":{"start":{"line":6,"column":4},"end":{"line":6,"column":11}},"1":{"start":{"line":11,"column":35},"end":{"line":11,"column":null}},"2":{"start":{"line":11,"column":24},"end":{"line":11,"column":null}},"3":{"start":{"line":12,"column":4},"end":{"line":12,"column":11}},"4":{"start":{"line":13,"column":8},"end":{"line":13,"column":15}}},"fnMap":{"0":{"name":"PipeInnerFunctionReducer","decl":{"start":{"line":5,"column":9},"end":{"line":5,"column":34}},"loc":{"start":{"line":5,"column":59},"end":{"line":9,"column":null}}},"1":{"name":"Pipe","decl":{"start":{"line":11,"column":16},"end":{"line":11,"column":24}},"loc":{"start":{"line":11,"column":35},"end":{"line":15,"column":null}}},"2":{"name":"PipeInnerFunction","decl":{"start":{"line":12,"column":20},"end":{"line":12,"column":38}},"loc":{"start":{"line":12,"column":45},"end":{"line":14,"column":null}}}},"branchMap":{"0":{"loc":{"start":{"line":7,"column":8},"end":{"line":7,"column":null}},"type":"cond-expr","locations":[{"start":{"line":7,"column":8},"end":{"line":7,"column":null}},{"start":{"line":8,"column":8},"end":{"line":8,"column":24}}]}},"s":{"0":60007,"1":80012,"2":60010,"3":20003,"4":20002},"f":{"0":60007,"1":20003,"2":20002},"b":{"0":[1,60006]}}
}
