{"/Users/chriskelsey/Sites/ck/built/equipt-testing/webdriver.config.js": {"path":"/Users/chriskelsey/Sites/ck/built/equipt-testing/webdriver.config.js","statementMap":{"0":{"start":{"line":2,"column":16},"end":{"line":2,"column":89}},"1":{"start":{"line":3,"column":16},"end":{"line":44,"column":1}},"2":{"start":{"line":5,"column":8},"end":{"line":23,"column":11}},"3":{"start":{"line":24,"column":8},"end":{"line":24,"column":39}},"4":{"start":{"line":27,"column":8},"end":{"line":30,"column":11}},"5":{"start":{"line":33,"column":8},"end":{"line":36,"column":11}},"6":{"start":{"line":39,"column":8},"end":{"line":42,"column":11}},"7":{"start":{"line":45,"column":0},"end":{"line":75,"column":2}}},"fnMap":{"0":{"name":"(anonymous_0)","decl":{"start":{"line":4,"column":19},"end":{"line":4,"column":20}},"loc":{"start":{"line":4,"column":30},"end":{"line":25,"column":5}},"line":4},"1":{"name":"(anonymous_1)","decl":{"start":{"line":26,"column":16},"end":{"line":26,"column":17}},"loc":{"start":{"line":26,"column":31},"end":{"line":31,"column":5}},"line":26},"2":{"name":"(anonymous_2)","decl":{"start":{"line":32,"column":15},"end":{"line":32,"column":16}},"loc":{"start":{"line":32,"column":30},"end":{"line":37,"column":5}},"line":32},"3":{"name":"(anonymous_3)","decl":{"start":{"line":38,"column":15},"end":{"line":38,"column":16}},"loc":{"start":{"line":38,"column":32},"end":{"line":43,"column":5}},"line":38}},"branchMap":{},"s":{"0":4,"1":4,"2":3,"3":3,"4":10,"5":10,"6":1,"7":4},"f":{"0":3,"1":10,"2":10,"3":1},"b":{},"_coverageSchema":"43e27e138ebf9cfc5966b082cf9a028302ed4184","hash":"8c8be105bb73171b5f3d62f6d8f1583aceba13e1","contentHash":"5b09f2b81f31bd29bf79c1de74afd486f57278329be78f362ed1add2a9c9618a"}
,"/Users/chriskelsey/Sites/ck/built/src/utils/between/index.js": {"path":"/Users/chriskelsey/Sites/ck/built/src/utils/between/index.js","statementMap":{"0":{"start":{"line":2,"column":18},"end":{"line":2,"column":22}},"1":{"start":{"line":4,"column":19},"end":{"line":17,"column":null}},"2":{"start":{"line":6,"column":24},"end":{"line":6,"column":null}},"3":{"start":{"line":8,"column":8},"end":{"line":14,"column":null}},"4":{"start":{"line":9,"column":12},"end":{"line":11,"column":null}},"5":{"start":{"line":10,"column":16},"end":{"line":10,"column":21}},"6":{"start":{"line":13,"column":12},"end":{"line":13,"column":19}},"7":{"start":{"line":16,"column":8},"end":{"line":16,"column":15}},"8":{"start":{"line":19,"column":4},"end":{"line":19,"column":11}},"9":{"start":{"line":21,"column":12},"end":{"line":21,"column":19}},"10":{"start":{"line":24,"column":12},"end":{"line":28,"column":null}},"11":{"start":{"line":25,"column":16},"end":{"line":25,"column":23}},"12":{"start":{"line":27,"column":16},"end":{"line":27,"column":null}},"13":{"start":{"line":32,"column":28},"end":{"line":32,"column":null}},"14":{"start":{"line":33,"column":12},"end":{"line":33,"column":19}},"15":{"start":{"line":36,"column":28},"end":{"line":36,"column":null}},"16":{"start":{"line":37,"column":12},"end":{"line":37,"column":19}},"17":{"start":{"line":40,"column":12},"end":{"line":40,"column":19}}},"fnMap":{"0":{"name":"Between","decl":{"start":{"line":1,"column":16},"end":{"line":1,"column":24}},"loc":{"start":{"line":1,"column":43},"end":{"line":43,"column":null}}},"1":{"name":"getAll","decl":{"start":{"line":4,"column":10},"end":{"line":4,"column":16}},"loc":{"start":{"line":4,"column":25},"end":{"line":17,"column":null}}},"2":{"name":"all","decl":{"start":{"line":19,"column":11},"end":{"line":19,"column":null}},"loc":{"start":{"line":20,"column":14},"end":{"line":22,"column":null}}}},"branchMap":{"0":{"loc":{"start":{"line":9,"column":12},"end":{"line":11,"column":null}},"type":"if","locations":[{"start":{"line":9,"column":12},"end":{"line":11,"column":null}},{"start":{"line":9,"column":12},"end":{"line":11,"column":null}}]}},"s":{"0":3,"1":3,"2":2,"3":2,"4":2,"5":0,"6":2,"7":2,"8":3,"9":1,"10":1,"11":1,"12":0,"13":1,"14":1,"15":0,"16":0,"17":0},"f":{"0":3,"1":2,"2":3},"b":{"0":[0,2]}}
,"/Users/chriskelsey/Sites/ck/built/src/utils/get/index.js": {"path":"/Users/chriskelsey/Sites/ck/built/src/utils/get/index.js","statementMap":{"0":{"start":{"line":28,"column":60},"end":{"line":28,"column":57}},"1":{"start":{"line":28,"column":53},"end":{"line":28,"column":57}},"2":{"start":{"line":30,"column":4},"end":{"line":30,"column":null}},"3":{"start":{"line":30,"column":16},"end":{"line":30,"column":23}},"4":{"start":{"line":33,"column":15},"end":{"line":33,"column":16}},"5":{"start":{"line":36,"column":4},"end":{"line":38,"column":null}},"6":{"start":{"line":37,"column":8},"end":{"line":37,"column":12}},"7":{"start":{"line":40,"column":19},"end":{"line":40,"column":23}},"8":{"start":{"line":43,"column":8},"end":{"line":45,"column":null}},"9":{"start":{"line":44,"column":12},"end":{"line":44,"column":19}},"10":{"start":{"line":48,"column":8},"end":{"line":57,"column":null}},"11":{"start":{"line":49,"column":24},"end":{"line":49,"column":37}},"12":{"start":{"line":50,"column":31},"end":{"line":50,"column":35}},"13":{"start":{"line":51,"column":25},"end":{"line":51,"column":35}},"14":{"start":{"line":51,"column":54},"end":{"line":51,"column":58}},"15":{"start":{"line":52,"column":33},"end":{"line":52,"column":45}},"16":{"start":{"line":54,"column":12},"end":{"line":56,"column":null}},"17":{"start":{"line":55,"column":16},"end":{"line":55,"column":23}},"18":{"start":{"line":59,"column":8},"end":{"line":59,"column":15}},"19":{"start":{"line":64,"column":4},"end":{"line":64,"column":null}},"20":{"start":{"line":64,"column":51},"end":{"line":64,"column":58}},"21":{"start":{"line":66,"column":4},"end":{"line":66,"column":11}}},"fnMap":{"0":{"name":"Get","decl":{"start":{"line":28,"column":16},"end":{"line":28,"column":20}},"loc":{"start":{"line":28,"column":60},"end":{"line":67,"column":null}}},"1":{"name":"(anonymous_1)","decl":{"start":{"line":28,"column":52},"end":{"line":28,"column":53}},"loc":{"start":{"line":28,"column":53},"end":{"line":28,"column":57}}},"2":{"name":"(anonymous_2)","decl":{"start":{"line":40,"column":31},"end":{"line":40,"column":32}},"loc":{"start":{"line":40,"column":62},"end":{"line":61,"column":null}}},"3":{"name":"(anonymous_3)","decl":{"start":{"line":51,"column":51},"end":{"line":51,"column":54}},"loc":{"start":{"line":51,"column":54},"end":{"line":51,"column":58}}}},"branchMap":{"0":{"loc":{"start":{"line":28,"column":60},"end":{"line":28,"column":null}},"type":"cond-expr","locations":[{"start":{"line":28,"column":60},"end":{"line":28,"column":null}},{"start":{"line":28,"column":52},"end":{"line":28,"column":57}}]},"1":{"loc":{"start":{"line":28,"column":60},"end":{"line":28,"column":null}},"type":"binary-expr","locations":[{"start":{"line":28,"column":60},"end":{"line":28,"column":null}},{"start":{"line":28,"column":60},"end":{"line":28,"column":null}}]},"2":{"loc":{"start":{"line":30,"column":4},"end":{"line":30,"column":null}},"type":"if","locations":[{"start":{"line":30,"column":4},"end":{"line":30,"column":null}},{"start":{"line":30,"column":4},"end":{"line":30,"column":null}}]},"3":{"loc":{"start":{"line":36,"column":4},"end":{"line":38,"column":null}},"type":"if","locations":[{"start":{"line":36,"column":4},"end":{"line":38,"column":null}},{"start":{"line":36,"column":4},"end":{"line":38,"column":null}}]},"4":{"loc":{"start":{"line":36,"column":8},"end":{"line":36,"column":12}},"type":"binary-expr","locations":[{"start":{"line":36,"column":8},"end":{"line":36,"column":12}},{"start":{"line":36,"column":16},"end":{"line":36,"column":39}}]},"5":{"loc":{"start":{"line":43,"column":8},"end":{"line":45,"column":null}},"type":"if","locations":[{"start":{"line":43,"column":8},"end":{"line":45,"column":null}},{"start":{"line":43,"column":8},"end":{"line":45,"column":null}}]},"6":{"loc":{"start":{"line":43,"column":12},"end":{"line":43,"column":41}},"type":"binary-expr","locations":[{"start":{"line":43,"column":12},"end":{"line":43,"column":41}},{"start":{"line":43,"column":41},"end":{"line":43,"column":63}}]},"7":{"loc":{"start":{"line":48,"column":8},"end":{"line":57,"column":null}},"type":"if","locations":[{"start":{"line":48,"column":8},"end":{"line":57,"column":null}},{"start":{"line":48,"column":8},"end":{"line":57,"column":null}}]},"8":{"loc":{"start":{"line":48,"column":12},"end":{"line":48,"column":48}},"type":"binary-expr","locations":[{"start":{"line":48,"column":12},"end":{"line":48,"column":48}},{"start":{"line":48,"column":48},"end":{"line":48,"column":80}}]},"9":{"loc":{"start":{"line":51,"column":72},"end":{"line":51,"column":83}},"type":"cond-expr","locations":[{"start":{"line":51,"column":72},"end":{"line":51,"column":83}},{"start":{"line":51,"column":90},"end":{"line":51,"column":93}}]},"10":{"loc":{"start":{"line":54,"column":12},"end":{"line":56,"column":null}},"type":"if","locations":[{"start":{"line":54,"column":12},"end":{"line":56,"column":null}},{"start":{"line":54,"column":12},"end":{"line":56,"column":null}}]},"11":{"loc":{"start":{"line":64,"column":4},"end":{"line":64,"column":null}},"type":"if","locations":[{"start":{"line":64,"column":4},"end":{"line":64,"column":null}},{"start":{"line":64,"column":4},"end":{"line":64,"column":null}}]},"12":{"loc":{"start":{"line":64,"column":8},"end":{"line":64,"column":32}},"type":"binary-expr","locations":[{"start":{"line":64,"column":8},"end":{"line":64,"column":32}},{"start":{"line":64,"column":32},"end":{"line":64,"column":49}}]}},"s":{"0":80004,"1":60004,"2":80004,"3":0,"4":80004,"5":80004,"6":80004,"7":80004,"8":580029,"9":20000,"10":560029,"11":40003,"12":40003,"13":40003,"14":40003,"15":40003,"16":40003,"17":40003,"18":520026,"19":80004,"20":20000,"21":60004},"f":{"0":80004,"1":60004,"2":580029,"3":40003},"b":{"0":[0,80004],"1":[80004,0],"2":[0,80004],"3":[80004,0],"4":[80004,80004],"5":[20000,560029],"6":[580029,560029],"7":[40003,520026],"8":[560029,560029],"9":[20001,20002],"10":[40003,0],"11":[20000,60004],"12":[80004,60004]}}
,"/Users/chriskelsey/Sites/ck/built/src/utils/pipe/index.js": {"path":"/Users/chriskelsey/Sites/ck/built/src/utils/pipe/index.js","statementMap":{"0":{"start":{"line":1,"column":35},"end":{"line":1,"column":null}},"1":{"start":{"line":1,"column":24},"end":{"line":1,"column":null}},"2":{"start":{"line":2,"column":4},"end":{"line":2,"column":11}},"3":{"start":{"line":3,"column":8},"end":{"line":3,"column":15}},"4":{"start":{"line":5,"column":16},"end":{"line":5,"column":23}}},"fnMap":{"0":{"name":"Pipe","decl":{"start":{"line":1,"column":16},"end":{"line":1,"column":24}},"loc":{"start":{"line":1,"column":35},"end":{"line":12,"column":null}}},"1":{"name":"PipeInnerFunction","decl":{"start":{"line":2,"column":20},"end":{"line":2,"column":38}},"loc":{"start":{"line":2,"column":45},"end":{"line":11,"column":null}}},"2":{"name":"PipeInnerFunctionReducer","decl":{"start":{"line":4,"column":21},"end":{"line":4,"column":46}},"loc":{"start":{"line":4,"column":71},"end":{"line":8,"column":null}}}},"branchMap":{"0":{"loc":{"start":{"line":6,"column":20},"end":{"line":6,"column":null}},"type":"cond-expr","locations":[{"start":{"line":6,"column":20},"end":{"line":6,"column":null}},{"start":{"line":7,"column":20},"end":{"line":7,"column":36}}]}},"s":{"0":8,"1":7,"2":2,"3":2,"4":7},"f":{"0":2,"1":2,"2":7},"b":{"0":[1,6]}}
}
